Determining if the pthread_create exist failed with the following output:
Change Dir: /home/IN/fane6048/Documents/Visu/ExSciVis2019/build/CMakeFiles/CMakeTmp

Run Build Command(s):/usr/bin/make cmTC_32d61/fast 
/usr/bin/make -f CMakeFiles/cmTC_32d61.dir/build.make CMakeFiles/cmTC_32d61.dir/build
make[1]: Entering directory '/home/IN/fane6048/Documents/Visu/ExSciVis2019/build/CMakeFiles/CMakeTmp'
Building C object CMakeFiles/cmTC_32d61.dir/CheckSymbolExists.c.o
/usr/bin/cc    -o CMakeFiles/cmTC_32d61.dir/CheckSymbolExists.c.o   -c /home/IN/fane6048/Documents/Visu/ExSciVis2019/build/CMakeFiles/CMakeTmp/CheckSymbolExists.c
Linking C executable cmTC_32d61
/usr/bin/cmake -E cmake_link_script CMakeFiles/cmTC_32d61.dir/link.txt --verbose=1
/usr/bin/cc      -rdynamic CMakeFiles/cmTC_32d61.dir/CheckSymbolExists.c.o  -o cmTC_32d61 
/usr/bin/ld: CMakeFiles/cmTC_32d61.dir/CheckSymbolExists.c.o: in function `main':
CheckSymbolExists.c:(.text+0x1b): undefined reference to `pthread_create'
collect2: error: ld returned 1 exit status
make[1]: *** [CMakeFiles/cmTC_32d61.dir/build.make:87: cmTC_32d61] Error 1
make[1]: Leaving directory '/home/IN/fane6048/Documents/Visu/ExSciVis2019/build/CMakeFiles/CMakeTmp'
make: *** [Makefile:121: cmTC_32d61/fast] Error 2

File /home/IN/fane6048/Documents/Visu/ExSciVis2019/build/CMakeFiles/CMakeTmp/CheckSymbolExists.c:
/* */
#include <pthread.h>

int main(int argc, char** argv)
{
  (void)argv;
#ifndef pthread_create
  return ((int*)(&pthread_create))[argc];
#else
  (void)argc;
  return 0;
#endif
}

Determining if the function glXGetProcAddressEXT exists failed with the following output:
Change Dir: /home/IN/fane6048/Documents/Visu/ExSciVis2019/build/CMakeFiles/CMakeTmp

Run Build Command(s):/usr/bin/make cmTC_3bde8/fast 
/usr/bin/make -f CMakeFiles/cmTC_3bde8.dir/build.make CMakeFiles/cmTC_3bde8.dir/build
make[1]: Entering directory '/home/IN/fane6048/Documents/Visu/ExSciVis2019/build/CMakeFiles/CMakeTmp'
Building C object CMakeFiles/cmTC_3bde8.dir/CheckFunctionExists.c.o
/usr/bin/cc   -DCHECK_FUNCTION_EXISTS=glXGetProcAddressEXT   -o CMakeFiles/cmTC_3bde8.dir/CheckFunctionExists.c.o   -c /usr/share/cmake-3.14/Modules/CheckFunctionExists.c
Linking C executable cmTC_3bde8
/usr/bin/cmake -E cmake_link_script CMakeFiles/cmTC_3bde8.dir/link.txt --verbose=1
/usr/bin/cc  -DCHECK_FUNCTION_EXISTS=glXGetProcAddressEXT    -rdynamic CMakeFiles/cmTC_3bde8.dir/CheckFunctionExists.c.o  -o cmTC_3bde8 /usr/lib/libGL.so 
/usr/bin/ld: CMakeFiles/cmTC_3bde8.dir/CheckFunctionExists.c.o: in function `main':
CheckFunctionExists.c:(.text+0x10): undefined reference to `glXGetProcAddressEXT'
collect2: error: ld returned 1 exit status
make[1]: *** [CMakeFiles/cmTC_3bde8.dir/build.make:88: cmTC_3bde8] Error 1
make[1]: Leaving directory '/home/IN/fane6048/Documents/Visu/ExSciVis2019/build/CMakeFiles/CMakeTmp'
make: *** [Makefile:121: cmTC_3bde8/fast] Error 2


